<?xml version="1.0" encoding="UTF-8"?>
<!-- Generated by org.testng.reporters.JUnitXMLReporter -->
<testsuite ignored="0" hostname="Susees-MacBook-Air.local" failures="0" tests="4" name="Default test" time="9.504" errors="0" timestamp="2024-05-11T09:34:32 EDT">
  <testcase classname="testLayer.LoginTest" name="Login" time="0.152"/>
  <testcase classname="testLayer.LoginTest" name="Login" time="0.152"/>
  <testcase classname="testLayer.LoginTest" name="Login" time="0.135"/>
  <testcase classname="testLayer.LoginTest" name="Login" time="0.132"/>
</testsuite> <!-- Default test -->
