<?xml version="1.0" encoding="UTF-8"?>
<testng-results ignored="0" total="4" passed="4" failed="0" skipped="0">
  <reporter-output>
  </reporter-output>
  <suite started-at="2024-05-11T09:34:22 EDT" name="Default suite" finished-at="2024-05-11T09:34:32 EDT" duration-ms="9504">
    <groups>
    </groups>
    <test started-at="2024-05-11T09:34:22 EDT" name="Default test" finished-at="2024-05-11T09:34:32 EDT" duration-ms="9504">
      <class name="testLayer.LoginTest">
        <test-method is-config="true" signature="initsetup()[pri:0, instance:testLayer.LoginTest@6dc17b83]" started-at="2024-05-11T09:34:23 EDT" name="initsetup" finished-at="2024-05-11T09:34:26 EDT" duration-ms="2805" status="PASS">
          <reporter-output>
          </reporter-output>
        </test-method> <!-- initsetup -->
        <test-method signature="Login(java.lang.String,java.lang.String)[pri:0, instance:testLayer.LoginTest@6dc17b83]" started-at="2024-05-11T09:34:26 EDT" name="Login" data-provider="Details" finished-at="2024-05-11T09:34:26 EDT" duration-ms="152" status="PASS">
          <params>
            <param index="0">
              <value>
                <![CDATA[username]]>
              </value>
            </param>
            <param index="1">
              <value>
                <![CDATA[password]]>
              </value>
            </param>
          </params>
          <reporter-output>
          </reporter-output>
        </test-method> <!-- Login -->
        <test-method is-config="true" signature="close()[pri:0, instance:testLayer.LoginTest@6dc17b83]" started-at="2024-05-11T09:34:26 EDT" name="close" finished-at="2024-05-11T09:34:26 EDT" duration-ms="113" status="PASS">
          <reporter-output>
          </reporter-output>
        </test-method> <!-- close -->
        <test-method is-config="true" signature="initsetup()[pri:0, instance:testLayer.LoginTest@6dc17b83]" started-at="2024-05-11T09:34:26 EDT" name="initsetup" finished-at="2024-05-11T09:34:28 EDT" duration-ms="1708" status="PASS">
          <reporter-output>
          </reporter-output>
        </test-method> <!-- initsetup -->
        <test-method signature="Login(java.lang.String,java.lang.String)[pri:0, instance:testLayer.LoginTest@6dc17b83]" started-at="2024-05-11T09:34:28 EDT" name="Login" data-provider="Details" finished-at="2024-05-11T09:34:28 EDT" duration-ms="152" status="PASS">
          <params>
            <param index="0">
              <value>
                <![CDATA[student]]>
              </value>
            </param>
            <param index="1">
              <value>
                <![CDATA[Password123]]>
              </value>
            </param>
          </params>
          <reporter-output>
          </reporter-output>
        </test-method> <!-- Login -->
        <test-method is-config="true" signature="close()[pri:0, instance:testLayer.LoginTest@6dc17b83]" started-at="2024-05-11T09:34:28 EDT" name="close" finished-at="2024-05-11T09:34:28 EDT" duration-ms="138" status="PASS">
          <reporter-output>
          </reporter-output>
        </test-method> <!-- close -->
        <test-method is-config="true" signature="initsetup()[pri:0, instance:testLayer.LoginTest@6dc17b83]" started-at="2024-05-11T09:34:28 EDT" name="initsetup" finished-at="2024-05-11T09:34:30 EDT" duration-ms="1905" status="PASS">
          <reporter-output>
          </reporter-output>
        </test-method> <!-- initsetup -->
        <test-method signature="Login(java.lang.String,java.lang.String)[pri:0, instance:testLayer.LoginTest@6dc17b83]" started-at="2024-05-11T09:34:30 EDT" name="Login" data-provider="Details" finished-at="2024-05-11T09:34:30 EDT" duration-ms="135" status="PASS">
          <params>
            <param index="0">
              <value>
                <![CDATA[student]]>
              </value>
            </param>
            <param index="1">
              <value>
                <![CDATA[password]]>
              </value>
            </param>
          </params>
          <reporter-output>
          </reporter-output>
        </test-method> <!-- Login -->
        <test-method is-config="true" signature="close()[pri:0, instance:testLayer.LoginTest@6dc17b83]" started-at="2024-05-11T09:34:30 EDT" name="close" finished-at="2024-05-11T09:34:30 EDT" duration-ms="90" status="PASS">
          <reporter-output>
          </reporter-output>
        </test-method> <!-- close -->
        <test-method is-config="true" signature="initsetup()[pri:0, instance:testLayer.LoginTest@6dc17b83]" started-at="2024-05-11T09:34:30 EDT" name="initsetup" finished-at="2024-05-11T09:34:32 EDT" duration-ms="1674" status="PASS">
          <reporter-output>
          </reporter-output>
        </test-method> <!-- initsetup -->
        <test-method signature="Login(java.lang.String,java.lang.String)[pri:0, instance:testLayer.LoginTest@6dc17b83]" started-at="2024-05-11T09:34:32 EDT" name="Login" data-provider="Details" finished-at="2024-05-11T09:34:32 EDT" duration-ms="132" status="PASS">
          <params>
            <param index="0">
              <value>
                <![CDATA[admin]]>
              </value>
            </param>
            <param index="1">
              <value>
                <![CDATA[admin123]]>
              </value>
            </param>
          </params>
          <reporter-output>
          </reporter-output>
        </test-method> <!-- Login -->
        <test-method is-config="true" signature="close()[pri:0, instance:testLayer.LoginTest@6dc17b83]" started-at="2024-05-11T09:34:32 EDT" name="close" finished-at="2024-05-11T09:34:32 EDT" duration-ms="143" status="PASS">
          <reporter-output>
          </reporter-output>
        </test-method> <!-- close -->
      </class> <!-- testLayer.LoginTest -->
    </test> <!-- Default test -->
  </suite> <!-- Default suite -->
</testng-results>
